[debug] [2023-03-20T15:42:15.188Z] ----------------------------------------------------------------------
[debug] [2023-03-20T15:42:15.191Z] Command:       C:\Program Files\nodejs\node.exe C:\Users\User\AppData\Roaming\npm\node_modules\firebase-tools\lib\bin\firebase.js init
[debug] [2023-03-20T15:42:15.192Z] CLI Version:   11.19.0
[debug] [2023-03-20T15:42:15.192Z] Platform:      win32
[debug] [2023-03-20T15:42:15.193Z] Node Version:  v16.13.0
[debug] [2023-03-20T15:42:15.199Z] Time:          Mon Mar 20 2023 21:12:15 GMT+0530 (India Standard Time)
[debug] [2023-03-20T15:42:15.199Z] ----------------------------------------------------------------------
[debug] 
[debug] [2023-03-20T15:42:15.213Z] >>> [apiv2][query] GET https://firebase-public.firebaseio.com/cli.json [none]
[debug] [2023-03-20T15:42:15.353Z] > command requires scopes: ["email","openid","https://www.googleapis.com/auth/cloudplatformprojects.readonly","https://www.googleapis.com/auth/firebase","https://www.googleapis.com/auth/cloud-platform"]
[debug] [2023-03-20T15:42:15.353Z] > authorizing via signed-in user (vishalpal2367@gmail.com)
[info] 
     ######## #### ########  ######## ########     ###     ######  ########
     ##        ##  ##     ## ##       ##     ##  ##   ##  ##       ##
     ######    ##  ########  ######   ########  #########  ######  ######
     ##        ##  ##    ##  ##       ##     ## ##     ##       ## ##
     ##       #### ##     ## ######## ########  ##     ##  ######  ########

You're about to initialize a Firebase project in this directory:

  E:\Stackup projects\Food site

Before we get started, keep in mind:

  * You are initializing within an existing Firebase project directory

[debug] [2023-03-20T15:42:16.144Z] <<< [apiv2][status] GET https://firebase-public.firebaseio.com/cli.json 200
[debug] [2023-03-20T15:42:16.145Z] <<< [apiv2][body] GET https://firebase-public.firebaseio.com/cli.json {"cloudBuildErrorAfter":1594252800000,"cloudBuildWarnAfter":1590019200000,"defaultNode10After":1594252800000,"minVersion":"3.0.5","node8DeploysDisabledAfter":1613390400000,"node8RuntimeDisabledAfter":1615809600000,"node8WarnAfter":1600128000000}
